[INFO] 19:36:10:224 LogsTP/(8102:8102): Soy un Log
[INFO] 19:38:11:010 LogsTP/(8242:8242): Soy un Log
[INFO] 19:39:59:096 LogsTP/(9351:9351): Soy un Log
[INFO] 20:44:00:273 LogsTP/(11466:11466): Soy un Log
[INFO] 20:49:23:092 LogsTP/(11605:11605): Soy un Log
[INFO] 20:54:36:417 LogsTP/(11794:11794): 0£Ã	
[INFO] 20:55:40:756 LogsTP/(11860:11860): ./cliente.config
[INFO] 21:51:53:420 LogsTP/(13788:13788): 127.0.0.1
[INFO] 22:53:14:954 LogsTP/(15115:15115): Logger mensaje:
[INFO] 22:54:05:791 LogsTP/(15175:15175): Logger mensaje:
[INFO] 22:54:05:793 LogsTP/(15175:15175): 127.0.0.1
[INFO] 22:54:38:705 LogsTP/(15225:15225): Logger mensaje:
[INFO] 22:54:38:705 LogsTP/(15225:15225): 127.0.0.1
[INFO] 23:02:20:268 LogsTP/(15507:15507): Logger mensaje:
[INFO] 23:02:20:271 LogsTP/(15507:15507): 127.0.0.1
[INFO] 23:13:33:413 LogsTP/(15767:15767): Logger mensaje
[INFO] 23:13:33:414 LogsTP/(15767:15767): 127.0.0.1
[INFO] 23:13:33:414 LogsTP/(15767:15767): valor
[INFO] 23:13:33:414 LogsTP/(15767:15767): 127.0.0.1
[INFO] 23:13:51:035 LogsTP/(15814:15814): Logger mensaje
[INFO] 23:13:51:036 LogsTP/(15814:15814): 127.0.0.1
[INFO] 23:13:51:036 LogsTP/(15814:15814): valor
[INFO] 23:13:51:036 LogsTP/(15814:15814): 4444
[INFO] 23:15:53:599 LogsTP/(15904:15904): Hola! Soy un log
[INFO] 23:15:53:602 LogsTP/(15904:15904): 127.0.0.1
[INFO] 23:15:53:602 LogsTP/(15904:15904): valor
[INFO] 23:15:53:602 LogsTP/(15904:15904): 4444
[INFO] 23:57:50:600 LogsTP/(16298:16298): Hola! Soy un log
[INFO] 23:57:50:602 LogsTP/(16298:16298): 127.0.0.1
[INFO] 23:57:50:602 LogsTP/(16298:16298): valor
[INFO] 23:57:50:602 LogsTP/(16298:16298): 4444
[INFO] 00:04:55:366 LogsTP/(16958:16958): Hola! Soy un log
[INFO] 00:04:55:368 LogsTP/(16958:16958): 127.0.0.1
[INFO] 00:04:55:368 LogsTP/(16958:16958): valor
[INFO] 00:04:55:377 LogsTP/(16958:16958): 4444
[INFO] 00:05:01:007 LogsTP/(16958:16958): algo
[INFO] 00:05:05:990 LogsTP/(16958:16958): pero
[INFO] 00:05:08:958 LogsTP/(16958:16958): que 
[INFO] 00:05:12:118 LogsTP/(16958:16958): ,as 
[INFO] 00:05:14:638 LogsTP/(16958:16958): 
[INFO] 00:05:23:145 LogsTP/(16958:16958):  
[INFO] 00:05:36:798 LogsTP/(16958:16958): man readline
[INFO] 00:05:57:717 LogsTP/(16958:16958): mas
[INFO] 00:06:04:741 LogsTP/(16958:16958): 
[INFO] 00:06:13:157 LogsTP/(16958:16958):  
[INFO] 00:06:15:709 LogsTP/(16958:16958): a
[INFO] 00:17:40:966 LogsTP/(17159:17159): Hola! Soy un log
[INFO] 00:17:40:967 LogsTP/(17159:17159): 127.0.0.1
[INFO] 00:17:40:967 LogsTP/(17159:17159): valor
[INFO] 00:17:40:967 LogsTP/(17159:17159): 4444
[INFO] 00:20:58:987 LogsTP/(17239:17239): Hola! Soy un log
[INFO] 00:20:58:990 LogsTP/(17239:17239): 127.0.0.1
[INFO] 00:20:58:990 LogsTP/(17239:17239): valor
[INFO] 00:20:58:991 LogsTP/(17239:17239): 4444
[INFO] 00:21:03:006 LogsTP/(17239:17239): otro
[INFO] 00:21:05:366 LogsTP/(17239:17239): log
[INFO] 00:21:11:421 LogsTP/(17239:17239): fin
[INFO] 00:22:44:414 LogsTP/(17299:17299): Hola! Soy un log
[INFO] 00:22:44:416 LogsTP/(17299:17299): 127.0.0.1
[INFO] 00:22:44:416 LogsTP/(17299:17299): valor
[INFO] 00:22:44:416 LogsTP/(17299:17299): 4444
[INFO] 00:22:48:309 LogsTP/(17299:17299): OTRO
[INFO] 00:22:50:605 LogsTP/(17299:17299): LOG
[INFO] 00:22:58:500 LogsTP/(17299:17299): SERA EL FIN?
[INFO] 00:23:47:529 LogsTP/(17358:17358): Hola! Soy un log
[INFO] 00:23:47:530 LogsTP/(17358:17358): 127.0.0.1
[INFO] 00:23:47:530 LogsTP/(17358:17358): valor
[INFO] 00:23:47:530 LogsTP/(17358:17358): 4444
[INFO] 00:23:50:820 LogsTP/(17358:17358): OTRO
[INFO] 00:24:00:284 LogsTP/(17358:17358): LOG, SERA EL FIN?
[INFO] 00:24:09:924 LogsTP/(17358:17358): PROBEMOS
[INFO] 00:25:48:075 LogsTP/(17445:17445): Hola! Soy un log
[INFO] 00:25:48:082 LogsTP/(17445:17445): 127.0.0.1
[INFO] 00:25:48:082 LogsTP/(17445:17445): valor
[INFO] 00:25:48:082 LogsTP/(17445:17445): 4444
[INFO] 00:25:52:427 LogsTP/(17445:17445): PRUEBA
[INFO] 00:25:59:419 LogsTP/(17445:17445): NUMERO
[INFO] 00:26:02:491 LogsTP/(17445:17445): TRES
[INFO] 00:32:37:471 LogsTP/(17605:17605): Hola! Soy un log
[INFO] 00:32:37:483 LogsTP/(17605:17605): 127.0.0.1
[INFO] 00:32:37:483 LogsTP/(17605:17605): valor
[INFO] 00:32:37:483 LogsTP/(17605:17605): 4444
[INFO] 00:32:48:592 LogsTP/(17605:17605): termina, el bucle?
[INFO] 00:32:55:016 LogsTP/(17605:17605): veremos:
[INFO] 00:36:35:503 LogsTP/(17696:17696): Hola! Soy un log
[INFO] 00:36:35:511 LogsTP/(17696:17696): 127.0.0.1
[INFO] 00:36:35:511 LogsTP/(17696:17696): valor
[INFO] 00:36:35:511 LogsTP/(17696:17696): 4444
[INFO] 00:36:38:887 LogsTP/(17696:17696): otra
[INFO] 00:36:44:143 LogsTP/(17696:17696): prueba
[INFO] 00:45:22:523 LogsTP/(17877:17877): Hola! Soy un log
[INFO] 00:45:22:535 LogsTP/(17877:17877): 127.0.0.1
[INFO] 00:45:22:535 LogsTP/(17877:17877): valor
[INFO] 00:45:22:535 LogsTP/(17877:17877): 4444
[INFO] 00:45:30:521 LogsTP/(17877:17877): otra vez
[INFO] 00:45:38:811 LogsTP/(17877:17877): estamos 
[INFO] 00:45:47:946 LogsTP/(17877:17877): probando
[INFO] 00:45:57:337 LogsTP/(17877:17877):  
[INFO] 00:46:04:377 LogsTP/(17877:17877): otra
[INFO] 00:46:06:369 LogsTP/(17877:17877): mas
[INFO] 00:46:08:985 LogsTP/(17877:17877): FIN!!!
[INFO] 00:53:25:653 LogsTP/(18070:18070): Hola! Soy un log
[INFO] 00:53:25:660 LogsTP/(18070:18070): 127.0.0.1
[INFO] 00:53:25:660 LogsTP/(18070:18070): valor
[INFO] 00:53:25:660 LogsTP/(18070:18070): 4444
[INFO] 00:53:32:554 LogsTP/(18070:18070): otra prueba
[INFO] 00:53:36:442 LogsTP/(18070:18070):  
[INFO] 00:53:47:111 LogsTP/(18070:18070): lo anterior fue una cadena vacia
[INFO] 00:53:59:233 LogsTP/(18070:18070): voy a finalizar esta prueba
[INFO] 00:54:00:953 LogsTP/(18070:18070): FIN!!!
[INFO] 00:54:42:378 LogsTP/(18116:18116): Hola! Soy un log
[INFO] 00:54:42:388 LogsTP/(18116:18116): 127.0.0.1
[INFO] 00:54:42:388 LogsTP/(18116:18116): valor
[INFO] 00:54:42:388 LogsTP/(18116:18116): 4444
[INFO] 00:54:44:936 LogsTP/(18116:18116): sdasd
[INFO] 00:54:47:560 LogsTP/(18116:18116):  
[INFO] 00:54:48:896 LogsTP/(18116:18116): dasda
[INFO] 00:54:50:720 LogsTP/(18116:18116): FIN!!!
[INFO] 00:55:13:437 LogsTP/(18179:18179): Hola! Soy un log
[INFO] 00:55:13:438 LogsTP/(18179:18179): 127.0.0.1
[INFO] 00:55:13:438 LogsTP/(18179:18179): valor
[INFO] 00:55:13:438 LogsTP/(18179:18179): 4444
[INFO] 00:55:19:728 LogsTP/(18179:18179): ultima prueba
[INFO] 00:55:29:096 LogsTP/(18179:18179): FIN!!!
[INFO] 16:39:07:700 LogsTP/(27695:27695): Hola! Soy un log
[INFO] 16:39:07:704 LogsTP/(27695:27695): 127.0.0.1
[INFO] 16:39:07:705 LogsTP/(27695:27695): valor
[INFO] 16:39:07:706 LogsTP/(27695:27695): 4444
[INFO] 16:39:11:598 LogsTP/(27695:27695): otra
[INFO] 16:39:14:605 LogsTP/(27695:27695): prueba
[INFO] 16:39:15:917 LogsTP/(27695:27695): mas
[INFO] 16:40:09:027 LogsTP/(27748:27748): Hola! Soy un log
[INFO] 16:40:09:028 LogsTP/(27748:27748): 127.0.0.1
[INFO] 16:40:09:028 LogsTP/(27748:27748): valor
[INFO] 16:40:09:028 LogsTP/(27748:27748): 4444
[INFO] 16:40:11:574 LogsTP/(27748:27748): OTRA
[INFO] 16:40:12:734 LogsTP/(27748:27748): }MAS
[INFO] 16:40:15:454 LogsTP/(27748:27748): OKI
[INFO] 16:40:16:702 LogsTP/(27748:27748):  
[INFO] 16:40:17:966 LogsTP/(27748:27748): SDAS
[INFO] 16:40:19:350 LogsTP/(27748:27748): FIN
[INFO] 17:43:36:964 LogsTP/(28567:28567): Hola! Soy un log
[INFO] 17:43:36:965 LogsTP/(28567:28567): 127.0.0.1
[INFO] 17:43:36:965 LogsTP/(28567:28567): valor
[INFO] 17:43:36:965 LogsTP/(28567:28567): 4444
[INFO] 17:43:42:750 LogsTP/(28567:28567): esto 
[INFO] 17:43:44:589 LogsTP/(28567:28567): se 
[INFO] 17:43:52:032 LogsTP/(28567:28567): debe guardar
[INFO] 17:44:01:918 LogsTP/(28567:28567): en un paquete
[INFO] 17:56:18:085 LogsTP/(28726:28726): Hola! Soy un log
[INFO] 17:56:18:085 LogsTP/(28726:28726): 127.0.0.1
[INFO] 17:56:18:085 LogsTP/(28726:28726): valor
[INFO] 17:56:18:091 LogsTP/(28726:28726): 4444
[INFO] 17:56:24:738 LogsTP/(28726:28726): anterior
